<?xml version="1.0" encoding="UTF-8"?>
<!-- Generated by org.testng.reporters.JUnitReportReporter -->
<testsuite hostname="DESKTOP-5195JJC" failures="0" tests="1" name="runners.LoginRunner" time="68.669" errors="0" timestamp="2025-04-28T21:12:00 IST" skipped="0">
  <testcase classname="runners.LoginRunner" name="runScenario" time="68.669"/>
</testsuite> <!-- runners.LoginRunner -->
